<?xml version="1.0" encoding="UTF-8"?>
<!-- Generated by org.testng.reporters.JUnitReportReporter -->
<testsuite skipped="0" hostname="VPEG01B004455" name="com.pge.application.test.TAMI_QuickSearch_Airports_Test" tests="1" failures="0" timestamp="2024-02-23T20:37:42 IST" time="319.531" errors="0">
  <testcase name="functionalTest" time="319.531" classname="com.pge.application.test.TAMI_QuickSearch_Airports_Test"/>
  <system-out/>
</testsuite> <!-- com.pge.application.test.TAMI_QuickSearch_Airports_Test -->
